<?xml version="1.0" encoding="UTF-8"?>
<!-- Generated by org.testng.reporters.JUnitReportReporter -->
<testsuite skipped="0" hostname="LAPTOP-MKCCBE6B" name="mavenforjenkins.UITest" tests="1" failures="0" timestamp="2022-10-09T00:16:28 IST" time="19.546" errors="0">
  <testcase name="startBrowser" time="19.546" classname="mavenforjenkins.UITest"/>
  <system-out/>
</testsuite> <!-- mavenforjenkins.UITest -->
